Build started 7/8/2016 1:08:39 AM.
     1>Project "C:\Users\Zach\Dropbox\Game Engine\Game Engine\Bareboned\Project1\Project1.vcxproj" on node 2 (Build target(s)).
     1>ClCompile:
         C:\Program Files (x86)\Microsoft Visual Studio 14.0\VC\bin\x86_amd64\CL.exe /c /Zi /nologo /W3 /WX- /sdl /O2 /Oi /GL /D _MBCS /Gm- /EHsc /MD /GS /Gy /fp:precise /Zc:wchar_t /Zc:forScope /Zc:inline /Fo"x64\Release\\" /Fd"x64\Release\vc140.pdb" /Gd /TP /errorReport:prompt Actor.cpp Animation.cpp BoundedAnimation.cpp Clickable.cpp ComplexPolygon.cpp PhysicsObject.cpp Drawable.cpp Game.cpp Hoverable.cpp main.cpp PhysicsVariables.cpp QuadTree.cpp StaticResources.cpp TestEnvironment.cpp Pawn.cpp ResourceHolder.cpp Scene.cpp
         Actor.cpp
     1>c:\users\zach\dropbox\game engine\game engine\bareboned\project1\ComplexPolygon.h(3): fatal error C1083: Cannot open include file: 'SFML/Graphics.hpp': No such file or directory
         Animation.cpp
     1>c:\users\zach\dropbox\game engine\game engine\bareboned\project1\Drawable.h(3): fatal error C1083: Cannot open include file: 'SFML\Graphics.hpp': No such file or directory
         BoundedAnimation.cpp
     1>c:\users\zach\dropbox\game engine\game engine\bareboned\project1\Drawable.h(3): fatal error C1083: Cannot open include file: 'SFML\Graphics.hpp': No such file or directory
         Clickable.cpp
     1>c:\users\zach\dropbox\game engine\game engine\bareboned\project1\Clickable.h(3): fatal error C1083: Cannot open include file: 'SFML\Graphics.hpp': No such file or directory
         ComplexPolygon.cpp
     1>c:\users\zach\dropbox\game engine\game engine\bareboned\project1\ComplexPolygon.h(3): fatal error C1083: Cannot open include file: 'SFML/Graphics.hpp': No such file or directory
         PhysicsObject.cpp
     1>c:\users\zach\dropbox\game engine\game engine\bareboned\project1\ComplexPolygon.h(3): fatal error C1083: Cannot open include file: 'SFML/Graphics.hpp': No such file or directory
         Drawable.cpp
     1>c:\users\zach\dropbox\game engine\game engine\bareboned\project1\Drawable.h(3): fatal error C1083: Cannot open include file: 'SFML\Graphics.hpp': No such file or directory
         Game.cpp
     1>c:\users\zach\dropbox\game engine\game engine\bareboned\project1\ResourceHolder.h(13): fatal error C1083: Cannot open include file: 'SFML/Graphics.hpp': No such file or directory
         Hoverable.cpp
     1>c:\users\zach\dropbox\game engine\game engine\bareboned\project1\Hoverable.h(3): fatal error C1083: Cannot open include file: 'SFML\Graphics.hpp': No such file or directory
         main.cpp
     1>c:\users\zach\dropbox\game engine\game engine\bareboned\project1\ResourceHolder.h(13): fatal error C1083: Cannot open include file: 'SFML/Graphics.hpp': No such file or directory
         PhysicsVariables.cpp
     1>c:\users\zach\dropbox\game engine\game engine\bareboned\project1\PhysicsVariables.h(3): fatal error C1083: Cannot open include file: 'SFML/Graphics.hpp': No such file or directory
         QuadTree.cpp
     1>c:\users\zach\dropbox\game engine\game engine\bareboned\project1\ComplexPolygon.h(3): fatal error C1083: Cannot open include file: 'SFML/Graphics.hpp': No such file or directory
         StaticResources.cpp
     1>StaticResources.cpp(2): fatal error C1083: Cannot open include file: 'SFML\Graphics.hpp': No such file or directory
         TestEnvironment.cpp
     1>c:\users\zach\dropbox\game engine\game engine\bareboned\project1\ResourceHolder.h(13): fatal error C1083: Cannot open include file: 'SFML/Graphics.hpp': No such file or directory
         Pawn.cpp
     1>c:\users\zach\dropbox\game engine\game engine\bareboned\project1\ComplexPolygon.h(3): fatal error C1083: Cannot open include file: 'SFML/Graphics.hpp': No such file or directory
         ResourceHolder.cpp
     1>c:\users\zach\dropbox\game engine\game engine\bareboned\project1\ResourceHolder.h(13): fatal error C1083: Cannot open include file: 'SFML/Graphics.hpp': No such file or directory
         Scene.cpp
     1>c:\users\zach\dropbox\game engine\game engine\bareboned\project1\Drawable.h(3): fatal error C1083: Cannot open include file: 'SFML\Graphics.hpp': No such file or directory
     1>Done Building Project "C:\Users\Zach\Dropbox\Game Engine\Game Engine\Bareboned\Project1\Project1.vcxproj" (Build target(s)) -- FAILED.

Build FAILED.

Time Elapsed 00:00:01.49
