Build started 8/3/2016 2:26:42 PM.
     1>Project "C:\Users\Zach\Dropbox\Game Engine\Game Engine\Untethered_Game_Engine\Project1\Project1.vcxproj" on node 2 (Build target(s)).
     1>C:\Program Files (x86)\MSBuild\Microsoft.Cpp\v4.0\V140\Microsoft.CppBuild.targets(392,5): warning MSB8028: The intermediate directory (Release\) contains files shared from another project (Project1.vcxproj).  This can lead to incorrect clean and rebuild behavior.
     1>ClCompile:
         C:\Program Files (x86)\Microsoft Visual Studio 14.0\VC\bin\CL.exe /c /I"C:\Users\Zach\Dropbox\Game Engine\Game Engine\Untethered_Game_Engine\\Project1\include" /Zi /nologo /W3 /WX- /sdl /O2 /Oi /Oy- /GL /D _MBCS /Gm- /EHsc /MD /GS /Gy /fp:precise /Zc:wchar_t /Zc:forScope /Zc:inline /Fo"Release\\" /Fd"Release\vc140.pdb" /Gd /TP /analyze- /errorReport:prompt include\ZR\GUI\TextNode.cpp main.cpp src\tinyxml2.cpp src\ZR\GameResources\Game.cpp src\ZR\Mutable\Clickable.cpp src\ZR\Mutable\Hoverable.cpp src\ZR\Scene.cpp src\ZR\Sprite\Actor.cpp src\ZR\Sprite\Pawn.cpp src\ZR\TestEnvironment.cpp
         TextNode.cpp
     1>include\ZR\GUI\TextNode.cpp(42): warning C4018: '<': signed/unsigned mismatch
         main.cpp
         tinyxml2.cpp
         Game.cpp
     1>src\ZR\GameResources\Game.cpp(14): warning C4244: 'argument': conversion from 'float' to 'unsigned int', possible loss of data
         Clickable.cpp
     1>src\ZR\Mutable\Clickable.cpp(30): warning C4018: '<': signed/unsigned mismatch
         Hoverable.cpp
     1>src\ZR\Mutable\Hoverable.cpp(29): warning C4018: '<': signed/unsigned mismatch
         Scene.cpp
     1>src\ZR\Scene.cpp(8): warning C4244: 'argument': conversion from 'unsigned int' to 'float', possible loss of data
     1>src\ZR\Scene.cpp(23): warning C4018: '<': signed/unsigned mismatch
     1>src\ZR\Scene.cpp(26): warning C4018: '<': signed/unsigned mismatch
     1>src\ZR\Scene.cpp(31): warning C4018: '<': signed/unsigned mismatch
     1>src\ZR\Scene.cpp(35): warning C4018: '<': signed/unsigned mismatch
     1>src\ZR\Scene.cpp(39): warning C4018: '<': signed/unsigned mismatch
     1>src\ZR\Scene.cpp(62): warning C4018: '<': signed/unsigned mismatch
     1>src\ZR\Scene.cpp(66): warning C4018: '<': signed/unsigned mismatch
     1>src\ZR\Scene.cpp(144): warning C4018: '<': signed/unsigned mismatch
     1>src\ZR\Scene.cpp(164): warning C4018: '<': signed/unsigned mismatch
         Actor.cpp
         Pawn.cpp
         TestEnvironment.cpp
       Link:
         C:\Program Files (x86)\Microsoft Visual Studio 14.0\VC\bin\link.exe /ERRORREPORT:PROMPT /OUT:"C:\Users\Zach\Dropbox\Game Engine\Game Engine\Untethered_Game_Engine\Release\Untethered_Engine.exe" /NOLOGO /LIBPATH:"C:\Users\Zach\Dropbox\Game Engine\Game Engine\Untethered_Game_Engine\\Project1\lib" "sfml-graphics.lib" "sfml-window.lib" "sfml-system.lib" "sfml-audio.lib" kernel32.lib user32.lib gdi32.lib winspool.lib comdlg32.lib advapi32.lib shell32.lib ole32.lib oleaut32.lib uuid.lib odbc32.lib odbccp32.lib /MANIFEST /MANIFESTUAC:"level='asInvoker' uiAccess='false'" /manifest:embed /Debug /PDB:"C:\Users\Zach\Dropbox\Game Engine\Game Engine\Untethered_Game_Engine\Release\Untethered_Engine.pdb" /OPT:REF /OPT:ICF /LTCG:incremental /TLBID:1 /DYNAMICBASE /NXCOMPAT /IMPLIB:"C:\Users\Zach\Dropbox\Game Engine\Game Engine\Untethered_Game_Engine\Release\Untethered_Engine.lib" /MACHINE:X86 /SAFESEH Release\TextNode.obj
         Release\main.obj
         Release\tinyxml2.obj
         Release\Game.obj
         Release\ResourceHolder.obj
         Release\StaticResources.obj
         Release\GUINode.obj
         Release\GUIOverlay.obj
         Release\Clickable.obj
         Release\Drawable.obj
         Release\Hoverable.obj
         Release\ComplexPolygon.obj
         Release\CollisionObject.obj
         Release\PhysicsObject.obj
         Release\PhysicsVariables.obj
         Release\QuadTree.obj
         Release\Scene.obj
         Release\Actor.obj
         Release\Animation.obj
         Release\Pawn.obj
         Release\TestEnvironment.obj
         Generating code
         266 of 2454 functions (10.8%) were compiled, the rest were copied from previous compilation.
           248 functions were new in current compilation
           35 functions had inline decision re-evaluated but remain unchanged
         Finished generating code
         Project1.vcxproj -> C:\Users\Zach\Dropbox\Game Engine\Game Engine\Untethered_Game_Engine\Release\Untethered_Engine.exe
     1>Done Building Project "C:\Users\Zach\Dropbox\Game Engine\Game Engine\Untethered_Game_Engine\Project1\Project1.vcxproj" (Build target(s)).

Build succeeded.

Time Elapsed 00:00:06.48
