Build started 8/5/2016 1:04:05 AM.
     1>Project "C:\Users\Zach\Dropbox\Game Engine\Game Engine\Untethered_Game_Engine\Project1\Project1.vcxproj" on node 2 (Build target(s)).
     1>C:\Program Files (x86)\MSBuild\Microsoft.Cpp\v4.0\V140\Microsoft.CppBuild.targets(392,5): warning MSB8028: The intermediate directory (Debug\) contains files shared from another project (Project1.vcxproj).  This can lead to incorrect clean and rebuild behavior.
     1>ClCompile:
         C:\Program Files (x86)\Microsoft Visual Studio 14.0\VC\bin\CL.exe /c /I"C:\Users\Zach\Dropbox\Game Engine\Game Engine\Untethered_Game_Engine\\Project1\include" /ZI /nologo /W3 /WX- /sdl /Od /Oy- /D _MBCS /D _MBCS /Gm /EHsc /RTC1 /MDd /GS /fp:precise /Zc:wchar_t /Zc:forScope /Zc:inline /Fo"Debug\\" /Fd"Debug\vc140.pdb" /Gd /TP /analyze- /errorReport:prompt src\ZR\GUI\TextNode.cpp src\ZR\TestEnvironment.cpp
         TestEnvironment.cpp
         TextNode.cpp
     1>c:\users\zach\dropbox\game engine\game engine\untethered_game_engine\project1\src\zr\gui\textnode.cpp(56): warning C4018: '<': signed/unsigned mismatch
     1>c:\users\zach\dropbox\game engine\game engine\untethered_game_engine\project1\src\zr\gui\textnode.cpp(63): warning C4018: '<': signed/unsigned mismatch
     1>c:\users\zach\dropbox\game engine\game engine\untethered_game_engine\project1\src\zr\gui\textnode.cpp(70): warning C4018: '<': signed/unsigned mismatch
     1>c:\users\zach\dropbox\game engine\game engine\untethered_game_engine\project1\src\zr\gui\textnode.cpp(111): warning C4018: '<': signed/unsigned mismatch
     1>c:\users\zach\dropbox\game engine\game engine\untethered_game_engine\project1\src\zr\gui\textnode.cpp(132): warning C4018: '<': signed/unsigned mismatch
     1>c:\users\zach\dropbox\game engine\game engine\untethered_game_engine\project1\src\zr\gui\textnode.cpp(138): warning C4018: '<': signed/unsigned mismatch
     1>c:\users\zach\dropbox\game engine\game engine\untethered_game_engine\project1\src\zr\gui\textnode.cpp(142): warning C4018: '<': signed/unsigned mismatch
     1>c:\users\zach\dropbox\game engine\game engine\untethered_game_engine\project1\src\zr\gui\textnode.cpp(170): warning C4018: '<': signed/unsigned mismatch
     1>c:\users\zach\dropbox\game engine\game engine\untethered_game_engine\project1\src\zr\gui\textnode.cpp(174): warning C4018: '<': signed/unsigned mismatch
     1>c:\users\zach\dropbox\game engine\game engine\untethered_game_engine\project1\src\zr\gui\textnode.cpp(184): warning C4244: '+=': conversion from 'double' to 'float', possible loss of data
     1>c:\users\zach\dropbox\game engine\game engine\untethered_game_engine\project1\src\zr\gui\textnode.cpp(204): warning C4018: '<': signed/unsigned mismatch
         Generating Code...
       Link:
         C:\Program Files (x86)\Microsoft Visual Studio 14.0\VC\bin\link.exe /ERRORREPORT:PROMPT /OUT:"C:\Users\Zach\Dropbox\Game Engine\Game Engine\Untethered_Game_Engine\Debug\Untethered_Engine.exe" /INCREMENTAL /NOLOGO /LIBPATH:"C:\Users\Zach\Dropbox\Game Engine\Game Engine\Untethered_Game_Engine\\Project1\lib" "sfml-graphics-d.lib" "sfml-window-d.lib" "sfml-system-d.lib" "sfml-audio-d.lib" kernel32.lib user32.lib gdi32.lib winspool.lib comdlg32.lib advapi32.lib shell32.lib ole32.lib oleaut32.lib uuid.lib odbc32.lib odbccp32.lib /MANIFEST /MANIFESTUAC:"level='asInvoker' uiAccess='false'" /manifest:embed /Debug /PDB:"C:\Users\Zach\Dropbox\Game Engine\Game Engine\Untethered_Game_Engine\Debug\Untethered_Engine.pdb" /TLBID:1 /DYNAMICBASE /NXCOMPAT /IMPLIB:"C:\Users\Zach\Dropbox\Game Engine\Game Engine\Untethered_Game_Engine\Debug\Untethered_Engine.lib" /MACHINE:X86 Debug\main.obj
         Debug\tinyxml2.obj
         Debug\Game.obj
         Debug\ResourceHolder.obj
         Debug\StaticResources.obj
         Debug\GUINode.obj
         Debug\GUIOverlay.obj
         Debug\TextNode.obj
         Debug\Clickable.obj
         Debug\Drawable.obj
         Debug\Hoverable.obj
         Debug\ComplexPolygon.obj
         Debug\CollisionObject.obj
         Debug\PhysicsObject.obj
         Debug\PhysicsVariables.obj
         Debug\QuadTree.obj
         Debug\Scene.obj
         Debug\Actor.obj
         Debug\Animation.obj
         Debug\Pawn.obj
         Debug\TestEnvironment.obj
         Project1.vcxproj -> C:\Users\Zach\Dropbox\Game Engine\Game Engine\Untethered_Game_Engine\Debug\Untethered_Engine.exe
     1>Done Building Project "C:\Users\Zach\Dropbox\Game Engine\Game Engine\Untethered_Game_Engine\Project1\Project1.vcxproj" (Build target(s)).

Build succeeded.

Time Elapsed 00:00:01.79
