c:\users\zach\dropbox\game engine\game engine\project1\project1\debug\vc140.pdb
c:\users\zach\dropbox\game engine\game engine\project1\project1\debug\vc140.idb
c:\users\zach\dropbox\game engine\game engine\project1\project1\debug\clickable.obj
c:\users\zach\dropbox\game engine\game engine\project1\project1\debug\collidable.obj
c:\users\zach\dropbox\game engine\game engine\project1\project1\debug\dialogbox.obj
c:\users\zach\dropbox\game engine\game engine\project1\project1\debug\dialoguepane.obj
c:\users\zach\dropbox\game engine\game engine\project1\project1\debug\dialoguetree.obj
c:\users\zach\dropbox\game engine\game engine\project1\project1\debug\game.obj
c:\users\zach\dropbox\game engine\game engine\project1\project1\debug\hoverable.obj
c:\users\zach\dropbox\game engine\game engine\project1\project1\debug\main.obj
c:\users\zach\dropbox\game engine\game engine\project1\project1\debug\mainmenu.obj
c:\users\zach\dropbox\game engine\game engine\project1\project1\debug\menu.obj
c:\users\zach\dropbox\game engine\game engine\project1\project1\debug\menutext.obj
c:\users\zach\dropbox\game engine\game engine\project1\project1\debug\optionbox.obj
c:\users\zach\dropbox\game engine\game engine\project1\project1\debug\resourceholder.obj
c:\users\zach\dropbox\game engine\game engine\project1\project1\debug\scene.obj
c:\users\zach\dropbox\game engine\game engine\project1\project1\debug\startofgame.obj
c:\users\zach\dropbox\game engine\game engine\project1\project1\debug\tttandrps.obj
c:\users\zach\dropbox\game engine\game engine\project1\project1\debug\drawable.obj
c:\users\zach\dropbox\game engine\game engine\project1\project1\debug\animatedsprite.obj
c:\users\zach\dropbox\game engine\game engine\project1\project1\debug\animation.obj
c:\users\zach\dropbox\game engine\game engine\project1\project1\debug\playerdecisions.obj
c:\users\zach\dropbox\game engine\game engine\project1\project1\debug\playerdecision.obj
c:\users\zach\dropbox\game engine\game engine\project1\project1\debug\scene1.obj
c:\users\zach\dropbox\game engine\game engine\project1\project1\debug\gamecamera.obj
c:\users\zach\dropbox\game engine\game engine\project1\project1\debug\actor.obj
c:\users\zach\dropbox\game engine\game engine\project1\project1\debug\pawn.obj
c:\users\zach\dropbox\game engine\game engine\bareboned\project1\debug\vc140.pdb
c:\users\zach\dropbox\game engine\game engine\bareboned\project1\debug\vc140.idb
c:\users\zach\dropbox\game engine\game engine\bareboned\project1\debug\collidable.obj
c:\users\zach\dropbox\game engine\game engine\bareboned\project1\debug\dialogbox.obj
c:\users\zach\dropbox\game engine\game engine\bareboned\project1\debug\dialoguepane.obj
c:\users\zach\dropbox\game engine\game engine\bareboned\project1\debug\dialoguetree.obj
c:\users\zach\dropbox\game engine\game engine\bareboned\project1\debug\drawable.obj
c:\users\zach\dropbox\game engine\game engine\bareboned\project1\debug\game.obj
c:\users\zach\dropbox\game engine\game engine\bareboned\project1\debug\gamecamera.obj
c:\users\zach\dropbox\game engine\game engine\bareboned\project1\debug\hoverable.obj
c:\users\zach\dropbox\game engine\game engine\bareboned\project1\debug\main.obj
c:\users\zach\dropbox\game engine\game engine\bareboned\project1\debug\mainmenu.obj
c:\users\zach\dropbox\game engine\game engine\bareboned\project1\debug\menu.obj
c:\users\zach\dropbox\game engine\game engine\bareboned\project1\debug\menutext.obj
c:\users\zach\dropbox\game engine\game engine\bareboned\project1\debug\optionbox.obj
c:\users\zach\dropbox\game engine\game engine\bareboned\project1\debug\pawn.obj
c:\users\zach\dropbox\game engine\game engine\bareboned\project1\debug\playerdecision.obj
c:\users\zach\dropbox\game engine\game engine\bareboned\project1\debug\resourceholder.obj
c:\users\zach\dropbox\game engine\game engine\bareboned\project1\debug\scene.obj
c:\users\zach\dropbox\game engine\game engine\bareboned\project1\debug\scene1.obj
c:\users\zach\dropbox\game engine\game engine\bareboned\project1\debug\startofgame.obj
c:\users\zach\dropbox\game engine\game engine\bareboned\project1\debug\tttandrps.obj
c:\users\zach\dropbox\game engine\game engine\bareboned\project1\debug\actor.obj
c:\users\zach\dropbox\game engine\game engine\bareboned\project1\debug\animation.obj
c:\users\zach\dropbox\game engine\game engine\bareboned\project1\debug\clickable.obj
c:\users\zach\dropbox\game engine\game engine\bareboned\project1\debug\testenvironment.obj
c:\users\zach\dropbox\game engine\game engine\bareboned\project1\debug\staticresources.obj
c:\users\zach\dropbox\game engine\game engine\project1\debug\project1.ilk
c:\users\zach\dropbox\game engine\game engine\project1\debug\project1.exe
c:\users\zach\dropbox\game engine\game engine\project1\debug\project1.pdb
c:\users\zach\dropbox\game engine\game engine\bareboned\debug\project1.ilk
c:\users\zach\dropbox\game engine\game engine\bareboned\debug\project1.exe
c:\users\zach\dropbox\game engine\game engine\bareboned\debug\project1.pdb
c:\users\zach\dropbox\game engine\game engine\bareboned\project1\debug\animatedsprite.obj
c:\users\zach\dropbox\game engine\game engine\bareboned\project1\debug\menuoption.obj
c:\users\zach\dropbox\game engine\game engine\bareboned\project1\debug\playerdecisions.obj
c:\users\zach\dropbox\game engine\game engine\bareboned\project1\debug\project1.tlog\cl.command.1.tlog
c:\users\zach\dropbox\game engine\game engine\bareboned\project1\debug\project1.tlog\cl.read.1.tlog
c:\users\zach\dropbox\game engine\game engine\bareboned\project1\debug\project1.tlog\cl.write.1.tlog
c:\users\zach\dropbox\game engine\game engine\bareboned\project1\debug\project1.tlog\link.command.1.tlog
c:\users\zach\dropbox\game engine\game engine\bareboned\project1\debug\project1.tlog\link.read.1.tlog
c:\users\zach\dropbox\game engine\game engine\bareboned\project1\debug\project1.tlog\link.write.1.tlog
