c:\users\zach\dropbox\game engine\game engine\untethered_game_engine\project1\debug\vc140.pdb
c:\users\zach\dropbox\game engine\game engine\untethered_game_engine\project1\debug\vc140.idb
c:\users\zach\dropbox\game engine\game engine\untethered_game_engine\project1\debug\tinyxml2.nativecodeanalysis.xml
c:\users\zach\dropbox\game engine\game engine\untethered_game_engine\project1\debug\resourceholder.nativecodeanalysis.xml
c:\users\zach\dropbox\game engine\game engine\untethered_game_engine\project1\debug\drawable.nativecodeanalysis.xml
c:\users\zach\dropbox\game engine\game engine\untethered_game_engine\project1\debug\complexpolygon.nativecodeanalysis.xml
c:\users\zach\dropbox\game engine\game engine\untethered_game_engine\project1\debug\collisionobject.nativecodeanalysis.xml
c:\users\zach\dropbox\game engine\game engine\untethered_game_engine\project1\debug\physicsobject.nativecodeanalysis.xml
c:\users\zach\dropbox\game engine\game engine\untethered_game_engine\project1\debug\physicsvariables.nativecodeanalysis.xml
c:\users\zach\dropbox\game engine\game engine\untethered_game_engine\project1\debug\quadtree.nativecodeanalysis.xml
c:\users\zach\dropbox\game engine\game engine\untethered_game_engine\project1\debug\animation.nativecodeanalysis.xml
c:\users\zach\dropbox\game engine\game engine\untethered_game_engine\project1\debug\pawn.nativecodeanalysis.xml
c:\users\zach\dropbox\game engine\game engine\untethered_game_engine\project1\debug\pawn.obj
c:\users\zach\dropbox\game engine\game engine\untethered_game_engine\project1\debug\animation.obj
c:\users\zach\dropbox\game engine\game engine\untethered_game_engine\project1\debug\quadtree.obj
c:\users\zach\dropbox\game engine\game engine\untethered_game_engine\project1\debug\physicsvariables.obj
c:\users\zach\dropbox\game engine\game engine\untethered_game_engine\project1\debug\physicsobject.obj
c:\users\zach\dropbox\game engine\game engine\untethered_game_engine\project1\debug\collisionobject.obj
c:\users\zach\dropbox\game engine\game engine\untethered_game_engine\project1\debug\complexpolygon.obj
c:\users\zach\dropbox\game engine\game engine\untethered_game_engine\project1\debug\drawable.obj
c:\users\zach\dropbox\game engine\game engine\untethered_game_engine\project1\debug\resourceholder.obj
c:\users\zach\dropbox\game engine\game engine\untethered_game_engine\project1\debug\tinyxml2.obj
c:\users\zach\dropbox\game engine\game engine\untethered_game_engine\project1\debug\game.obj
c:\users\zach\dropbox\game engine\game engine\untethered_game_engine\project1\debug\staticresources.obj
c:\users\zach\dropbox\game engine\game engine\untethered_game_engine\project1\debug\guinode.obj
c:\users\zach\dropbox\game engine\game engine\untethered_game_engine\project1\debug\guioverlay.obj
c:\users\zach\dropbox\game engine\game engine\untethered_game_engine\project1\debug\main.obj
c:\users\zach\dropbox\game engine\game engine\untethered_game_engine\project1\debug\clickable.obj
c:\users\zach\dropbox\game engine\game engine\untethered_game_engine\project1\debug\hoverable.obj
c:\users\zach\dropbox\game engine\game engine\untethered_game_engine\project1\debug\scene.obj
c:\users\zach\dropbox\game engine\game engine\untethered_game_engine\project1\debug\actor.obj
c:\users\zach\dropbox\game engine\game engine\untethered_game_engine\project1\debug\untether.b679247c.tlog\cl.command.1.tlog
c:\users\zach\dropbox\game engine\game engine\untethered_game_engine\project1\debug\untether.b679247c.tlog\cl.read.1.tlog
c:\users\zach\dropbox\game engine\game engine\untethered_game_engine\project1\debug\untether.b679247c.tlog\cl.write.1.tlog
